[debug] [2018-07-20T01:48:10.113Z] ----------------------------------------------------------------------
[debug] [2018-07-20T01:48:10.116Z] Command:       /usr/local/bin/node /usr/local/bin/firebase serve
[debug] [2018-07-20T01:48:10.116Z] CLI Version:   3.19.3
[debug] [2018-07-20T01:48:10.116Z] Platform:      darwin
[debug] [2018-07-20T01:48:10.116Z] Node Version:  v8.11.3
[debug] [2018-07-20T01:48:10.117Z] Time:          Thu Jul 19 2018 22:48:10 GMT-0300 (-03)
[debug] [2018-07-20T01:48:10.117Z] ----------------------------------------------------------------------
[debug] 
[debug] [2018-07-20T01:48:10.129Z] > command requires scopes: ["email","openid","https://www.googleapis.com/auth/cloudplatformprojects.readonly","https://www.googleapis.com/auth/firebase","https://www.googleapis.com/auth/cloud-platform"]
[debug] [2018-07-20T01:48:10.129Z] > authorizing via signed-in user
[debug] [2018-07-20T01:48:10.132Z] >>> HTTP REQUEST GET https://admin.firebase.com/v1/projects/voting-son-26fd5  
  
 Thu Jul 19 2018 22:48:10 GMT-0300 (-03)
[debug] [2018-07-20T01:48:10.907Z] <<< HTTP RESPONSE 200
[debug] [2018-07-20T01:48:10.908Z] >>> HTTP REQUEST GET https://admin.firebase.com/v1/database/voting-son-26fd5/tokens  
  
 Thu Jul 19 2018 22:48:10 GMT-0300 (-03)
[debug] [2018-07-20T01:48:11.574Z] <<< HTTP RESPONSE 200
[debug] [2018-07-20T01:48:11.575Z] >>> HTTP REQUEST GET https://cloudresourcemanager.googleapis.com/v1/projects/voting-son-26fd5  
  
 Thu Jul 19 2018 22:48:11 GMT-0300 (-03)
[debug] [2018-07-20T01:48:12.599Z] <<< HTTP RESPONSE 200
[info] 
[info] === Serving from '/Volumes/MAC HD/apps/firebase-experiment'...
[info] 
[info] i  functions: Preparing to emulate functions.
[debug] [2018-07-20T01:48:13.129Z] Fetching environment
[debug] [2018-07-20T01:48:13.132Z] >>> HTTP REQUEST GET https://mobilesdk-pa.googleapis.com/v1/projects/461012372830:getServerAppConfig  
  
 Thu Jul 19 2018 22:48:13 GMT-0300 (-03)
[debug] [2018-07-20T01:48:13.133Z] >>> HTTP REQUEST GET https://mobilesdk-pa.googleapis.com/v1/projects/461012372830/clients/_:getWebAppConfig  
  
 Thu Jul 19 2018 22:48:13 GMT-0300 (-03)
[debug] [2018-07-20T01:48:13.932Z] <<< HTTP RESPONSE 200
[debug] [2018-07-20T01:48:13.933Z] Starting @google-cloud/functions-emulator
[debug] [2018-07-20T01:48:14.850Z] <<< HTTP RESPONSE 200
[info] i  hosting: Serving hosting files from: public
[info] ✔  hosting: Local server: http://localhost:5000

[debug] [2018-07-20T01:48:15.489Z] Parsing function triggers
[info] i  functions: No HTTPS functions found. Use firebase functions:shell if you would like to emulate other types of functions.
